{"D:\\Development\\repositories\\React\\react-ts-testy\\src\\App.tsx": {"path":"D:\\Development\\repositories\\React\\react-ts-testy\\src\\App.tsx","all":false,"statementMap":{"0":{"start":{"line":1,"column":0},"end":{"line":1,"column":43}},"1":{"start":{"line":2,"column":0},"end":{"line":2,"column":46}},"3":{"start":{"line":4,"column":0},"end":{"line":4,"column":16}},"5":{"start":{"line":6,"column":0},"end":{"line":6,"column":23}},"6":{"start":{"line":7,"column":0},"end":{"line":7,"column":36}},"7":{"start":{"line":8,"column":0},"end":{"line":8,"column":27}},"8":{"start":{"line":9,"column":0},"end":{"line":9,"column":19}},"9":{"start":{"line":10,"column":0},"end":{"line":10,"column":17}},"10":{"start":{"line":11,"column":0},"end":{"line":11,"column":3}},"12":{"start":{"line":13,"column":0},"end":{"line":13,"column":10}},"13":{"start":{"line":14,"column":0},"end":{"line":14,"column":6}},"15":{"start":{"line":16,"column":0},"end":{"line":16,"column":33}},"16":{"start":{"line":17,"column":0},"end":{"line":17,"column":61}},"17":{"start":{"line":18,"column":0},"end":{"line":18,"column":66}},"18":{"start":{"line":19,"column":0},"end":{"line":19,"column":60}},"20":{"start":{"line":21,"column":0},"end":{"line":21,"column":17}},"21":{"start":{"line":22,"column":0},"end":{"line":22,"column":21}},"22":{"start":{"line":23,"column":0},"end":{"line":23,"column":35}},"23":{"start":{"line":24,"column":0},"end":{"line":24,"column":40}},"24":{"start":{"line":25,"column":0},"end":{"line":25,"column":9}},"27":{"start":{"line":28,"column":0},"end":{"line":28,"column":28}},"34":{"start":{"line":35,"column":0},"end":{"line":35,"column":1}},"36":{"start":{"line":37,"column":0},"end":{"line":37,"column":18}}},"s":{"0":1,"1":1,"3":3,"5":3,"6":3,"7":3,"8":3,"9":3,"10":3,"12":3,"13":3,"15":3,"16":3,"17":3,"18":3,"20":3,"21":3,"22":3,"23":3,"24":3,"27":3,"34":3,"36":1},"branchMap":{"0":{"type":"branch","line":4,"loc":{"start":{"line":4,"column":0},"end":{"line":35,"column":1}},"locations":[{"start":{"line":4,"column":0},"end":{"line":35,"column":1}}]},"1":{"type":"branch","line":19,"loc":{"start":{"line":19,"column":7},"end":{"line":19,"column":35}},"locations":[{"start":{"line":19,"column":7},"end":{"line":19,"column":35}}]},"2":{"type":"branch","line":24,"loc":{"start":{"line":24,"column":22},"end":{"line":24,"column":38}},"locations":[{"start":{"line":24,"column":22},"end":{"line":24,"column":38}}]}},"b":{"0":[3],"1":[0],"2":[0]},"fnMap":{"0":{"name":"App","decl":{"start":{"line":4,"column":0},"end":{"line":35,"column":1}},"loc":{"start":{"line":4,"column":0},"end":{"line":35,"column":1}},"line":4}},"f":{"0":3}}
,"D:\\Development\\repositories\\React\\react-ts-testy\\src\\main.tsx": {"path":"D:\\Development\\repositories\\React\\react-ts-testy\\src\\main.tsx","all":true,"statementMap":{"0":{"start":{"line":1,"column":0},"end":{"line":1,"column":34}},"1":{"start":{"line":2,"column":0},"end":{"line":2,"column":45}},"2":{"start":{"line":3,"column":0},"end":{"line":3,"column":52}},"4":{"start":{"line":5,"column":0},"end":{"line":5,"column":52}},"5":{"start":{"line":6,"column":0},"end":{"line":6,"column":14}},"6":{"start":{"line":7,"column":0},"end":{"line":7,"column":16}}},"s":{"0":0,"1":0,"2":0,"4":0,"5":0,"6":0},"branchMap":{"0":{"type":"branch","line":1,"loc":{"start":{"line":1,"column":246},"end":{"line":9,"column":1}},"locations":[{"start":{"line":1,"column":246},"end":{"line":9,"column":1}}]}},"b":{"0":[0]},"fnMap":{"0":{"name":"(empty-report)","decl":{"start":{"line":1,"column":246},"end":{"line":9,"column":1}},"loc":{"start":{"line":1,"column":246},"end":{"line":9,"column":1}},"line":1}},"f":{"0":0}}
,"D:\\Development\\repositories\\React\\react-ts-testy\\src\\components\\MyCoolApp.tsx": {"path":"D:\\Development\\repositories\\React\\react-ts-testy\\src\\components\\MyCoolApp.tsx","all":false,"statementMap":{"0":{"start":{"line":1,"column":0},"end":{"line":1,"column":21}},"2":{"start":{"line":3,"column":0},"end":{"line":3,"column":12}},"3":{"start":{"line":4,"column":0},"end":{"line":4,"column":10}},"4":{"start":{"line":5,"column":0},"end":{"line":5,"column":17}},"5":{"start":{"line":6,"column":0},"end":{"line":6,"column":45}},"6":{"start":{"line":7,"column":0},"end":{"line":7,"column":40}},"10":{"start":{"line":11,"column":0},"end":{"line":11,"column":1}},"12":{"start":{"line":13,"column":0},"end":{"line":13,"column":25}}},"s":{"0":0,"2":0,"3":0,"4":0,"5":0,"6":0,"10":0,"12":1},"branchMap":{},"b":{},"fnMap":{"0":{"name":"MyCoolApp","decl":{"start":{"line":1,"column":0},"end":{"line":11,"column":1}},"loc":{"start":{"line":1,"column":0},"end":{"line":11,"column":1}},"line":1}},"f":{"0":0}}
,"D:\\Development\\repositories\\React\\react-ts-testy\\src\\components\\ShopChop.tsx": {"path":"D:\\Development\\repositories\\React\\react-ts-testy\\src\\components\\ShopChop.tsx","all":false,"statementMap":{"0":{"start":{"line":1,"column":0},"end":{"line":1,"column":76}},"2":{"start":{"line":3,"column":0},"end":{"line":3,"column":37}},"3":{"start":{"line":4,"column":0},"end":{"line":4,"column":64}},"4":{"start":{"line":5,"column":0},"end":{"line":5,"column":51}},"5":{"start":{"line":6,"column":0},"end":{"line":6,"column":67}},"6":{"start":{"line":7,"column":0},"end":{"line":7,"column":63}},"7":{"start":{"line":8,"column":0},"end":{"line":8,"column":54}},"8":{"start":{"line":9,"column":0},"end":{"line":9,"column":52}},"9":{"start":{"line":10,"column":0},"end":{"line":10,"column":1}},"11":{"start":{"line":12,"column":0},"end":{"line":12,"column":24}},"12":{"start":{"line":13,"column":0},"end":{"line":13,"column":10}},"13":{"start":{"line":14,"column":0},"end":{"line":14,"column":6}},"14":{"start":{"line":15,"column":0},"end":{"line":15,"column":49}},"15":{"start":{"line":16,"column":0},"end":{"line":16,"column":31}},"17":{"start":{"line":18,"column":0},"end":{"line":18,"column":133}},"21":{"start":{"line":22,"column":0},"end":{"line":22,"column":1}},"23":{"start":{"line":24,"column":0},"end":{"line":24,"column":24}}},"s":{"0":1,"2":1,"3":1,"4":1,"5":1,"6":1,"7":1,"8":1,"9":1,"11":1,"12":3,"13":3,"14":3,"15":3,"17":3,"21":3,"23":1},"branchMap":{"0":{"type":"branch","line":12,"loc":{"start":{"line":12,"column":17},"end":{"line":22,"column":1}},"locations":[{"start":{"line":12,"column":17},"end":{"line":22,"column":1}}]}},"b":{"0":[3]},"fnMap":{"0":{"name":"ShopChop","decl":{"start":{"line":12,"column":17},"end":{"line":22,"column":1}},"loc":{"start":{"line":12,"column":17},"end":{"line":22,"column":1}},"line":12}},"f":{"0":3}}
,"D:\\Development\\repositories\\React\\react-ts-testy\\src\\helpers\\math.helper.ts": {"path":"D:\\Development\\repositories\\React\\react-ts-testy\\src\\helpers\\math.helper.ts","all":false,"statementMap":{"0":{"start":{"line":1,"column":0},"end":{"line":1,"column":43}},"1":{"start":{"line":2,"column":0},"end":{"line":2,"column":19}},"2":{"start":{"line":3,"column":0},"end":{"line":3,"column":1}},"4":{"start":{"line":5,"column":0},"end":{"line":5,"column":49}},"5":{"start":{"line":6,"column":0},"end":{"line":6,"column":19}},"6":{"start":{"line":7,"column":0},"end":{"line":7,"column":1}},"8":{"start":{"line":9,"column":0},"end":{"line":9,"column":48}},"9":{"start":{"line":10,"column":0},"end":{"line":10,"column":19}},"10":{"start":{"line":11,"column":0},"end":{"line":11,"column":1}},"12":{"start":{"line":13,"column":0},"end":{"line":13,"column":48}},"13":{"start":{"line":14,"column":0},"end":{"line":14,"column":59}},"14":{"start":{"line":15,"column":0},"end":{"line":15,"column":19}},"15":{"start":{"line":16,"column":0},"end":{"line":16,"column":1}}},"s":{"0":1,"1":2,"2":2,"4":1,"5":2,"6":2,"8":1,"9":2,"10":2,"12":1,"13":0,"14":0,"15":0},"branchMap":{"0":{"type":"branch","line":1,"loc":{"start":{"line":1,"column":19},"end":{"line":3,"column":1}},"locations":[{"start":{"line":1,"column":19},"end":{"line":3,"column":1}}]},"1":{"type":"branch","line":5,"loc":{"start":{"line":5,"column":25},"end":{"line":7,"column":1}},"locations":[{"start":{"line":5,"column":25},"end":{"line":7,"column":1}}]},"2":{"type":"branch","line":9,"loc":{"start":{"line":9,"column":24},"end":{"line":11,"column":1}},"locations":[{"start":{"line":9,"column":24},"end":{"line":11,"column":1}}]}},"b":{"0":[2],"1":[2],"2":[2]},"fnMap":{"0":{"name":"Add","decl":{"start":{"line":1,"column":19},"end":{"line":3,"column":1}},"loc":{"start":{"line":1,"column":19},"end":{"line":3,"column":1}},"line":1},"1":{"name":"Substract","decl":{"start":{"line":5,"column":25},"end":{"line":7,"column":1}},"loc":{"start":{"line":5,"column":25},"end":{"line":7,"column":1}},"line":5},"2":{"name":"Multiply","decl":{"start":{"line":9,"column":24},"end":{"line":11,"column":1}},"loc":{"start":{"line":9,"column":24},"end":{"line":11,"column":1}},"line":9},"3":{"name":"Division","decl":{"start":{"line":13,"column":24},"end":{"line":16,"column":1}},"loc":{"start":{"line":13,"column":24},"end":{"line":16,"column":1}},"line":13}},"f":{"0":2,"1":2,"2":2,"3":0}}
,"D:\\Development\\repositories\\React\\react-ts-testy\\src\\shopping-cart\\ItemCounter.tsx": {"path":"D:\\Development\\repositories\\React\\react-ts-testy\\src\\shopping-cart\\ItemCounter.tsx","all":false,"statementMap":{"0":{"start":{"line":1,"column":0},"end":{"line":1,"column":47}},"10":{"start":{"line":11,"column":0},"end":{"line":11,"column":81}},"11":{"start":{"line":12,"column":0},"end":{"line":12,"column":49}},"12":{"start":{"line":13,"column":0},"end":{"line":13,"column":52}},"13":{"start":{"line":14,"column":0},"end":{"line":14,"column":30}},"14":{"start":{"line":15,"column":0},"end":{"line":15,"column":31}},"15":{"start":{"line":16,"column":0},"end":{"line":16,"column":25}},"16":{"start":{"line":17,"column":0},"end":{"line":17,"column":6}},"17":{"start":{"line":18,"column":0},"end":{"line":18,"column":36}},"18":{"start":{"line":19,"column":0},"end":{"line":19,"column":45}},"20":{"start":{"line":21,"column":0},"end":{"line":21,"column":5}},"22":{"start":{"line":23,"column":0},"end":{"line":23,"column":12}},"23":{"start":{"line":24,"column":0},"end":{"line":24,"column":48}},"25":{"start":{"line":26,"column":0},"end":{"line":26,"column":82}},"26":{"start":{"line":27,"column":0},"end":{"line":27,"column":22}},"28":{"start":{"line":29,"column":0},"end":{"line":29,"column":53}},"29":{"start":{"line":30,"column":0},"end":{"line":30,"column":55}},"30":{"start":{"line":31,"column":0},"end":{"line":31,"column":53}},"33":{"start":{"line":34,"column":0},"end":{"line":34,"column":1}}},"s":{"0":1,"10":1,"11":10,"12":10,"13":10,"14":3,"15":2,"16":2,"17":10,"18":10,"20":10,"22":10,"23":10,"25":10,"26":10,"28":10,"29":10,"30":10,"33":10},"branchMap":{"0":{"type":"branch","line":11,"loc":{"start":{"line":11,"column":27},"end":{"line":34,"column":1}},"locations":[{"start":{"line":11,"column":27},"end":{"line":34,"column":1}}]},"1":{"type":"branch","line":19,"loc":{"start":{"line":19,"column":25},"end":{"line":19,"column":37}},"locations":[{"start":{"line":19,"column":25},"end":{"line":19,"column":37}}]},"2":{"type":"branch","line":19,"loc":{"start":{"line":19,"column":29},"end":{"line":19,"column":45}},"locations":[{"start":{"line":19,"column":29},"end":{"line":19,"column":45}}]},"3":{"type":"branch","line":13,"loc":{"start":{"line":13,"column":22},"end":{"line":13,"column":52}},"locations":[{"start":{"line":13,"column":22},"end":{"line":13,"column":52}}]},"4":{"type":"branch","line":14,"loc":{"start":{"line":14,"column":24},"end":{"line":17,"column":6}},"locations":[{"start":{"line":14,"column":24},"end":{"line":17,"column":6}}]},"5":{"type":"branch","line":15,"loc":{"start":{"line":15,"column":24},"end":{"line":15,"column":31}},"locations":[{"start":{"line":15,"column":24},"end":{"line":15,"column":31}}]},"6":{"type":"branch","line":15,"loc":{"start":{"line":15,"column":24},"end":{"line":17,"column":6}},"locations":[{"start":{"line":15,"column":24},"end":{"line":17,"column":6}}]}},"b":{"0":[10],"1":[2],"2":[8],"3":[1],"4":[3],"5":[1],"6":[2]},"fnMap":{"0":{"name":"ItemCounter","decl":{"start":{"line":11,"column":27},"end":{"line":34,"column":1}},"loc":{"start":{"line":11,"column":27},"end":{"line":34,"column":1}},"line":11},"1":{"name":"handleAdd","decl":{"start":{"line":13,"column":22},"end":{"line":13,"column":52}},"loc":{"start":{"line":13,"column":22},"end":{"line":13,"column":52}},"line":13},"2":{"name":"handleMinus","decl":{"start":{"line":14,"column":24},"end":{"line":17,"column":6}},"loc":{"start":{"line":14,"column":24},"end":{"line":17,"column":6}},"line":14}},"f":{"0":10,"1":1,"2":3}}
}
